<?xml version="1.0" encoding="UTF-8"?>
<testsuite xmlns:xsi="http://www.w3.org/2001/XMLSchema-instance" xsi:noNamespaceSchemaLocation="https://maven.apache.org/surefire/maven-surefire-plugin/xsd/surefire-test-report-3.0.xsd" version="3.0" name="service.StockTaxCalculatorServiceIntegrationTest" time="0.006" tests="9" errors="0" skipped="0" failures="0">
  <properties>
    <property name="java.specification.version" value="21"/>
    <property name="sun.jnu.encoding" value="UTF-8"/>
    <property name="java.class.path" value="/Users/genemessouza/Documents/Projects/capital-gain/capital-gain/target/test-classes:/Users/genemessouza/Documents/Projects/capital-gain/capital-gain/target/classes:/Users/genemessouza/.m2/repository/com/google/code/gson/gson/2.11.0/gson-2.11.0.jar:/Users/genemessouza/.m2/repository/com/google/errorprone/error_prone_annotations/2.27.0/error_prone_annotations-2.27.0.jar:/Users/genemessouza/.m2/repository/org/junit/jupiter/junit-jupiter-engine/5.11.4/junit-jupiter-engine-5.11.4.jar:/Users/genemessouza/.m2/repository/org/junit/platform/junit-platform-engine/1.11.4/junit-platform-engine-1.11.4.jar:/Users/genemessouza/.m2/repository/org/opentest4j/opentest4j/1.3.0/opentest4j-1.3.0.jar:/Users/genemessouza/.m2/repository/org/junit/platform/junit-platform-commons/1.11.4/junit-platform-commons-1.11.4.jar:/Users/genemessouza/.m2/repository/org/junit/jupiter/junit-jupiter-api/5.11.4/junit-jupiter-api-5.11.4.jar:/Users/genemessouza/.m2/repository/org/apiguardian/apiguardian-api/1.1.2/apiguardian-api-1.1.2.jar:"/>
    <property name="java.vm.vendor" value="Amazon.com Inc."/>
    <property name="sun.arch.data.model" value="64"/>
    <property name="java.vendor.url" value="https://aws.amazon.com/corretto/"/>
    <property name="os.name" value="Mac OS X"/>
    <property name="java.vm.specification.version" value="21"/>
    <property name="sun.java.launcher" value="SUN_STANDARD"/>
    <property name="user.country" value="BR"/>
    <property name="sun.boot.library.path" value="/Users/genemessouza/.sdkman/candidates/java/21-amzn/lib"/>
    <property name="sun.java.command" value="/Users/genemessouza/Documents/Projects/capital-gain/capital-gain/target/surefire/surefirebooter-20250203185022292_3.jar /Users/genemessouza/Documents/Projects/capital-gain/capital-gain/target/surefire 2025-02-03T18-50-22_250-jvmRun1 surefire-20250203185022292_1tmp surefire_0-20250203185022292_2tmp"/>
    <property name="http.nonProxyHosts" value="local|*.local|169.254/16|*.169.254/16"/>
    <property name="jdk.debug" value="release"/>
    <property name="surefire.test.class.path" value="/Users/genemessouza/Documents/Projects/capital-gain/capital-gain/target/test-classes:/Users/genemessouza/Documents/Projects/capital-gain/capital-gain/target/classes:/Users/genemessouza/.m2/repository/com/google/code/gson/gson/2.11.0/gson-2.11.0.jar:/Users/genemessouza/.m2/repository/com/google/errorprone/error_prone_annotations/2.27.0/error_prone_annotations-2.27.0.jar:/Users/genemessouza/.m2/repository/org/junit/jupiter/junit-jupiter-engine/5.11.4/junit-jupiter-engine-5.11.4.jar:/Users/genemessouza/.m2/repository/org/junit/platform/junit-platform-engine/1.11.4/junit-platform-engine-1.11.4.jar:/Users/genemessouza/.m2/repository/org/opentest4j/opentest4j/1.3.0/opentest4j-1.3.0.jar:/Users/genemessouza/.m2/repository/org/junit/platform/junit-platform-commons/1.11.4/junit-platform-commons-1.11.4.jar:/Users/genemessouza/.m2/repository/org/junit/jupiter/junit-jupiter-api/5.11.4/junit-jupiter-api-5.11.4.jar:/Users/genemessouza/.m2/repository/org/apiguardian/apiguardian-api/1.1.2/apiguardian-api-1.1.2.jar:"/>
    <property name="sun.cpu.endian" value="little"/>
    <property name="user.home" value="/Users/genemessouza"/>
    <property name="user.language" value="pt"/>
    <property name="java.specification.vendor" value="Oracle Corporation"/>
    <property name="java.version.date" value="2023-10-17"/>
    <property name="java.home" value="/Users/genemessouza/.sdkman/candidates/java/21-amzn"/>
    <property name="file.separator" value="/"/>
    <property name="basedir" value="/Users/genemessouza/Documents/Projects/capital-gain/capital-gain"/>
    <property name="java.vm.compressedOopsMode" value="Zero based"/>
    <property name="line.separator" value="&#10;"/>
    <property name="java.vm.specification.vendor" value="Oracle Corporation"/>
    <property name="java.specification.name" value="Java Platform API Specification"/>
    <property name="apple.awt.application.name" value="ForkedBooter"/>
    <property name="surefire.real.class.path" value="/Users/genemessouza/Documents/Projects/capital-gain/capital-gain/target/surefire/surefirebooter-20250203185022292_3.jar"/>
    <property name="sun.management.compiler" value="HotSpot 64-Bit Tiered Compilers"/>
    <property name="ftp.nonProxyHosts" value="local|*.local|169.254/16|*.169.254/16"/>
    <property name="java.runtime.version" value="21.0.1+12-LTS"/>
    <property name="user.name" value="genemessouza"/>
    <property name="stdout.encoding" value="UTF-8"/>
    <property name="path.separator" value=":"/>
    <property name="os.version" value="15.1.1"/>
    <property name="java.runtime.name" value="OpenJDK Runtime Environment"/>
    <property name="file.encoding" value="UTF-8"/>
    <property name="java.vm.name" value="OpenJDK 64-Bit Server VM"/>
    <property name="java.vendor.version" value="Corretto-21.0.1.12.1"/>
    <property name="localRepository" value="/Users/genemessouza/.m2/repository"/>
    <property name="java.vendor.url.bug" value="https://github.com/corretto/corretto-21/issues/"/>
    <property name="java.io.tmpdir" value="/var/folders/qf/n3y7s0td3xv1q2y_pxl08fpw0000gn/T/"/>
    <property name="java.version" value="21.0.1"/>
    <property name="user.dir" value="/Users/genemessouza/Documents/Projects/capital-gain/capital-gain"/>
    <property name="os.arch" value="aarch64"/>
    <property name="java.vm.specification.name" value="Java Virtual Machine Specification"/>
    <property name="native.encoding" value="UTF-8"/>
    <property name="java.library.path" value="/Users/genemessouza/Library/Java/Extensions:/Library/Java/Extensions:/Network/Library/Java/Extensions:/System/Library/Java/Extensions:/usr/lib/java:."/>
    <property name="java.vm.info" value="mixed mode, sharing"/>
    <property name="stderr.encoding" value="UTF-8"/>
    <property name="java.vendor" value="Amazon.com Inc."/>
    <property name="java.vm.version" value="21.0.1+12-LTS"/>
    <property name="sun.io.unicode.encoding" value="UnicodeBig"/>
    <property name="socksNonProxyHosts" value="local|*.local|169.254/16|*.169.254/16"/>
    <property name="java.class.version" value="65.0"/>
  </properties>
  <testcase name="scenario5_ShouldReturnZeroTaxesForEqualCosts" classname="service.StockTaxCalculatorServiceIntegrationTest" time="0.0"/>
  <testcase name="scenario3_ShouldReturnCorrectTaxValues" classname="service.StockTaxCalculatorServiceIntegrationTest" time="0.001"/>
  <testcase name="scenario2_ShouldReturnTaxesForProfitSale" classname="service.StockTaxCalculatorServiceIntegrationTest" time="0.0"/>
  <testcase name="scenario9_ShouldReturnCorrectTaxValuesForHighProfit" classname="service.StockTaxCalculatorServiceIntegrationTest" time="0.0"/>
  <testcase name="scenario7_ShouldHandleLossAndProfitTaxation" classname="service.StockTaxCalculatorServiceIntegrationTest" time="0.001"/>
  <testcase name="scenario1_ShouldReturnZeroTaxes" classname="service.StockTaxCalculatorServiceIntegrationTest" time="0.0"/>
  <testcase name="scenario4_ShouldCalculateTaxesCorrectly" classname="service.StockTaxCalculatorServiceIntegrationTest" time="0.001"/>
  <testcase name="scenario8_ShouldHandleMultipleOperationsWithProfitAndLoss" classname="service.StockTaxCalculatorServiceIntegrationTest" time="0.001"/>
  <testcase name="scenario6_ShouldReturnCorrectTaxValuesForTwoSells" classname="service.StockTaxCalculatorServiceIntegrationTest" time="0.0"/>
</testsuite>